Start testing: Mar 27 11:13 Mitteleuropäische Zeit
----------------------------------------------------------
Unable to find executable: sunray_tests_NOT_BUILT-b12d07c
1/1 Testing: sunray_tests_NOT_BUILT-b12d07c
1/1 Test: sunray_tests_NOT_BUILT-b12d07c
Command: ""
Directory: E:/TRAE/sunray-core/build_gcc/tests
"sunray_tests_NOT_BUILT-b12d07c" start time: 
Output:
----------------------------------------------------------
<end of output>
Test time =   0.00 sec
----------------------------------------------------------
Test Passed.
"sunray_tests_NOT_BUILT-b12d07c" end time: Mar 27 11:13 Mitteleuropäische Zeit
"sunray_tests_NOT_BUILT-b12d07c" time elapsed: 00:00:00
----------------------------------------------------------

End testing: Mar 27 11:13 Mitteleuropäische Zeit
